# JRE version: Java(TM) SE Runtime Environment (8.0_221-b11) (build 1.8.0_221-b11)
# Java VM: Java HotSpot(TM) 64-Bit Server VM (25.221-b11 mixed mode windows-amd64 compressed oops)
Heap:
 PSYoungGen      total 72192K, used 29722K [0x00000000d5f00000, 0x00000000dd580000, 0x0000000100000000)
  eden space 66048K, 37% used [0x00000000d5f00000,0x00000000d7756748,0x00000000d9f80000)
  from space 6144K, 78% used [0x00000000da600000,0x00000000daab03b8,0x00000000dac00000)
  to   space 6656K, 0% used [0x00000000d9f80000,0x00000000d9f80000,0x00000000da600000)
 ParOldGen       total 52736K, used 7381K [0x0000000081c00000, 0x0000000084f80000, 0x00000000d5f00000)
  object space 52736K, 13% used [0x0000000081c00000,0x0000000082335780,0x0000000084f80000)
 Metaspace       used 26175K, capacity 26968K, committed 27136K, reserved 1073152K
  class space    used 3331K, capacity 3530K, committed 3584K, reserved 1048576K
GC Heap History (10 events):
Event: 6.401 GC heap before
{Heap before GC invocations=5 (full 0):
 PSYoungGen      total 38400K, used 38337K [0x00000000d5f00000, 0x00000000daa00000, 0x0000000100000000)
  eden space 33280K, 100% used [0x00000000d5f00000,0x00000000d7f80000,0x00000000d7f80000)
  from space 5120K, 98% used [0x00000000d8480000,0x00000000d8970650,0x00000000d8980000)
  to   space 5120K, 0% used [0x00000000d7f80000,0x00000000d7f80000,0x00000000d8480000)
 ParOldGen       total 87552K, used 32K [0x0000000081c00000, 0x0000000087180000, 0x00000000d5f00000)
  object space 87552K, 0% used [0x0000000081c00000,0x0000000081c08000,0x0000000087180000)
 Metaspace       used 15298K, capacity 15776K, committed 15872K, reserved 1062912K
  class space    used 1911K, capacity 2028K, committed 2048K, reserved 1048576K
Event: 6.405 GC heap after
Heap after GC invocations=5 (full 0):
 PSYoungGen      total 38400K, used 5092K [0x00000000d5f00000, 0x00000000dac00000, 0x0000000100000000)
  eden space 33280K, 0% used [0x00000000d5f00000,0x00000000d5f00000,0x00000000d7f80000)
  from space 5120K, 99% used [0x00000000d7f80000,0x00000000d8479060,0x00000000d8480000)
  to   space 6144K, 0% used [0x00000000da600000,0x00000000da600000,0x00000000dac00000)
 ParOldGen       total 87552K, used 56K [0x0000000081c00000, 0x0000000087180000, 0x00000000d5f00000)
  object space 87552K, 0% used [0x0000000081c00000,0x0000000081c0e000,0x0000000087180000)
 Metaspace       used 15298K, capacity 15776K, committed 15872K, reserved 1062912K
  class space    used 1911K, capacity 2028K, committed 2048K, reserved 1048576K
}
Event: 6.691 GC heap before
{Heap before GC invocations=6 (full 0):
 PSYoungGen      total 38400K, used 38372K [0x00000000d5f00000, 0x00000000dac00000, 0x0000000100000000)
  eden space 33280K, 100% used [0x00000000d5f00000,0x00000000d7f80000,0x00000000d7f80000)
  from space 5120K, 99% used [0x00000000d7f80000,0x00000000d8479060,0x00000000d8480000)
  to   space 6144K, 0% used [0x00000000da600000,0x00000000da600000,0x00000000dac00000)
 ParOldGen       total 87552K, used 56K [0x0000000081c00000, 0x0000000087180000, 0x00000000d5f00000)
  object space 87552K, 0% used [0x0000000081c00000,0x0000000081c0e000,0x0000000087180000)
 Metaspace       used 17426K, capacity 17888K, committed 17920K, reserved 1064960K
  class space    used 2180K, capacity 2302K, committed 2304K, reserved 1048576K
Event: 6.701 GC heap after
Heap after GC invocations=6 (full 0):
 PSYoungGen      total 71680K, used 6121K [0x00000000d5f00000, 0x00000000dae00000, 0x0000000100000000)
  eden space 65536K, 0% used [0x00000000d5f00000,0x00000000d5f00000,0x00000000d9f00000)
  from space 6144K, 99% used [0x00000000da600000,0x00000000dabfa418,0x00000000dac00000)
  to   space 7168K, 0% used [0x00000000d9f00000,0x00000000d9f00000,0x00000000da600000)
 ParOldGen       total 87552K, used 517K [0x0000000081c00000, 0x0000000087180000, 0x00000000d5f00000)
  object space 87552K, 0% used [0x0000000081c00000,0x0000000081c81540,0x0000000087180000)
 Metaspace       used 17426K, capacity 17888K, committed 17920K, reserved 1064960K
  class space    used 2180K, capacity 2302K, committed 2304K, reserved 1048576K
}
Event: 7.058 GC heap before
{Heap before GC invocations=7 (full 0):
 PSYoungGen      total 71680K, used 37279K [0x00000000d5f00000, 0x00000000dae00000, 0x0000000100000000)
  eden space 65536K, 47% used [0x00000000d5f00000,0x00000000d7d6d858,0x00000000d9f00000)
  from space 6144K, 99% used [0x00000000da600000,0x00000000dabfa418,0x00000000dac00000)
  to   space 7168K, 0% used [0x00000000d9f00000,0x00000000d9f00000,0x00000000da600000)
 ParOldGen       total 87552K, used 517K [0x0000000081c00000, 0x0000000087180000, 0x00000000d5f00000)
  object space 87552K, 0% used [0x0000000081c00000,0x0000000081c81540,0x0000000087180000)
 Metaspace       used 20616K, capacity 21122K, committed 21296K, reserved 1069056K
  class space    used 2564K, capacity 2681K, committed 2688K, reserved 1048576K
Event: 7.068 GC heap after
Heap after GC invocations=7 (full 0):
 PSYoungGen      total 72704K, used 5088K [0x00000000d5f00000, 0x00000000dae00000, 0x0000000100000000)
  eden space 65536K, 0% used [0x00000000d5f00000,0x00000000d5f00000,0x00000000d9f00000)
  from space 7168K, 70% used [0x00000000d9f00000,0x00000000da3f81f0,0x00000000da600000)
  to   space 6144K, 0% used [0x00000000da600000,0x00000000da600000,0x00000000dac00000)
 ParOldGen       total 87552K, used 3043K [0x0000000081c00000, 0x0000000087180000, 0x00000000d5f00000)
  object space 87552K, 3% used [0x0000000081c00000,0x0000000081ef8d78,0x0000000087180000)
 Metaspace       used 20616K, capacity 21122K, committed 21296K, reserved 1069056K
  class space    used 2564K, capacity 2681K, committed 2688K, reserved 1048576K
}
Event: 7.069 GC heap before
{Heap before GC invocations=8 (full 1):
 PSYoungGen      total 72704K, used 5088K [0x00000000d5f00000, 0x00000000dae00000, 0x0000000100000000)
  eden space 65536K, 0% used [0x00000000d5f00000,0x00000000d5f00000,0x00000000d9f00000)
  from space 7168K, 70% used [0x00000000d9f00000,0x00000000da3f81f0,0x00000000da600000)
  to   space 6144K, 0% used [0x00000000da600000,0x00000000da600000,0x00000000dac00000)
 ParOldGen       total 87552K, used 3043K [0x0000000081c00000, 0x0000000087180000, 0x00000000d5f00000)
  object space 87552K, 3% used [0x0000000081c00000,0x0000000081ef8d78,0x0000000087180000)
 Metaspace       used 20616K, capacity 21122K, committed 21296K, reserved 1069056K
  class space    used 2564K, capacity 2681K, committed 2688K, reserved 1048576K
Event: 7.124 GC heap after
Heap after GC invocations=8 (full 1):
 PSYoungGen      total 72704K, used 0K [0x00000000d5f00000, 0x00000000dae00000, 0x0000000100000000)
  eden space 65536K, 0% used [0x00000000d5f00000,0x00000000d5f00000,0x00000000d9f00000)
  from space 7168K, 0% used [0x00000000d9f00000,0x00000000d9f00000,0x00000000da600000)
  to   space 6144K, 0% used [0x00000000da600000,0x00000000da600000,0x00000000dac00000)
 ParOldGen       total 52736K, used 7309K [0x0000000081c00000, 0x0000000084f80000, 0x00000000d5f00000)
  object space 52736K, 13% used [0x0000000081c00000,0x0000000082323770,0x0000000084f80000)
 Metaspace       used 20616K, capacity 21122K, committed 21296K, reserved 1069056K
  class space    used 2564K, capacity 2681K, committed 2688K, reserved 1048576K
}
Event: 9.871 GC heap before
{Heap before GC invocations=9 (full 1):
 PSYoungGen      total 72704K, used 65536K [0x00000000d5f00000, 0x00000000dae00000, 0x0000000100000000)
  eden space 65536K, 100% used [0x00000000d5f00000,0x00000000d9f00000,0x00000000d9f00000)
  from space 7168K, 0% used [0x00000000d9f00000,0x00000000d9f00000,0x00000000da600000)
  to   space 6144K, 0% used [0x00000000da600000,0x00000000da600000,0x00000000dac00000)
 ParOldGen       total 52736K, used 7309K [0x0000000081c00000, 0x0000000084f80000, 0x00000000d5f00000)
  object space 52736K, 13% used [0x0000000081c00000,0x0000000082323770,0x0000000084f80000)
 Metaspace       used 25505K, capacity 26262K, committed 26496K, reserved 1073152K
  class space    used 3244K, capacity 3427K, committed 3456K, reserved 1048576K
Event: 9.876 GC heap after
Heap after GC invocations=9 (full 1):
 PSYoungGen      total 72192K, used 4800K [0x00000000d5f00000, 0x00000000dd580000, 0x0000000100000000)
  eden space 66048K, 0% used [0x00000000d5f00000,0x00000000d5f00000,0x00000000d9f80000)
  from space 6144K, 78% used [0x00000000da600000,0x00000000daab03b8,0x00000000dac00000)
  to   space 6656K, 0% used [0x00000000d9f80000,0x00000000d9f80000,0x00000000da600000)
 ParOldGen       total 52736K, used 7381K [0x0000000081c00000, 0x0000000084f80000, 0x00000000d5f00000)
  object space 52736K, 13% used [0x0000000081c00000,0x0000000082335780,0x0000000084f80000)
 Metaspace       used 25505K, capacity 26262K, committed 26496K, reserved 1073152K
  class space    used 3244K, capacity 3427K, committed 3456K, reserved 1048576K
}

